更新日志
源:Lisselde.E@outlook.com
————————————————————————
2026.6.18 R1 已弃置
#01
- 初步构建软件，实现同步功能
————————————————————————
2026.6.19 R2 已弃置
#01
- 实现多语言切换，适配多语言环境
- 优化程序检查更新逻辑
- 修复同步逻辑中存在的部分问题
- 优化程序启动速度，优化程序使用体验
- 修复了文件修改时异常删除信号的错误
#02
- 重构代码逻辑，修复了部分已知错误
- 更新全量同步为双向同步
- 移除了允许连接端互相同步，现在所有端都保持一致
- 新增对于大文件同步的支持
————————————————————————
2026.6.20 R3
#01
- 完全弃置之前版本，重新构建此程序
- 新版本采用缓存文件，列表操作来处理同步内容
- 使用全新QT6架构
- 优化大量界面交互逻辑，提升使用体验
- 优化界面元素显示逻辑
- 初步构建了界面UI逻辑
- 暂未实现同步逻辑
#02
- 添加，优化了所有同步逻辑
- 优化了加密房间的交互逻辑
- 优化多连接情况下的同步逻辑
- 修复大文件同步导致的错误
- 修复了部分已知错误
- 优化了部分文字显示内容
————————————————————————